<?xml version="1.0" encoding="utf-8"?><testsuites name="pytest tests"><testsuite name="pytest" errors="0" failures="0" skipped="0" tests="17" time="2.553" timestamp="2026-09-04T09:14:12.013316+00:00" hostname="agent-env-a8e881f8-215b-42b1-be5a-56b3d9797dc7"><testcase classname="tests.test_vth_regression.TestNumberProductFlow" name="test_servers_list_returns_enabled_and_disabled" time="0.484" /><testcase classname="tests.test_vth_regression.TestAdmin" name="test_bad_password_401" time="0.478" /><testcase classname="tests.test_vth_regression.TestAdmin" name="test_overview_requires_auth" time="0.060" /><testcase classname="tests.test_vth_regression.TestNumberProductFlow" name="test_preview_requires_server_for_number_product" time="0.394" /><testcase classname="tests.test_vth_regression.TestAdmin" name="test_correct_login_returns_token" time="0.323" /><testcase classname="tests.test_vth_regression.TestAdmin" name="test_bot_secret_lifecycle" time="0.186" /><testcase classname="tests.test_vth_regression.TestNumberProductFlow" name="test_preview_disabled_server_conflict" time="0.158" /><testcase classname="tests.test_vth_regression.TestNumberProductFlow" name="test_preview_enabled_server_price_79" time="0.116" /><testcase classname="tests.test_vth_regression.TestAuth" name="test_customer_dev_login_returns_token" time="0.102" /><testcase classname="tests.test_vth_regression.TestAuth" name="test_profile_requires_auth" time="0.058" /><testcase classname="tests.test_vth_regression.TestCatalogMasking" name="test_categories_have_no_provider_leak" time="0.060" /><testcase classname="tests.test_vth_regression.TestCatalogMasking" name="test_category_detail_tg_good_no_leak" time="0.109" /><testcase classname="tests.test_vth_regression.TestAuth" name="test_profile_with_token" time="0.163" /><testcase classname="tests.test_vth_regression.TestHealthAndServers" name="test_health_statuses" time="0.249" /><testcase classname="tests.test_vth_regression.TestHealthAndServers" name="test_server_crud" time="0.170" /><testcase classname="tests.test_vth_regression.TestPayments" name="test_auto_upi_awaiting_and_idempotent_approve" time="0.680" /><testcase classname="tests.test_vth_regression.TestBroadcasts" name="test_broadcast_flow" time="0.247" /></testsuite></testsuites>